This file contains any messages produced by compilers while
running configure, to aid debugging if configure makes a mistake.

It was created by pHash configure 0.9.6, which was
generated by GNU Autoconf 2.63.  Invocation command line was

  $ ./configure --enable-video-hash=no --enable-audio-hash=no --no-create --no-recursion

## --------- ##
## Platform. ##
## --------- ##

hostname = gpu7.corp.gq1.yahoo.com
uname -m = x86_64
uname -r = 2.6.32-431.23.3.el6.YAHOO.20140804.x86_64
uname -s = Linux
uname -v = #1 SMP Mon Aug 4 04:44:59 UTC 2014

/usr/bin/uname -p = unknown
/bin/uname -X     = unknown

/bin/arch              = x86_64
/usr/bin/arch -k       = unknown
/usr/convex/getsysinfo = unknown
/usr/bin/hostinfo      = unknown
/bin/machine           = unknown
/usr/bin/oslevel       = unknown
/bin/universe          = unknown

PATH: /homes/ycli/local/bin/
PATH: /usr/local/matlab/bin/
PATH: /usr/local/bin
PATH: /usr/local/cuda/bin
PATH: /homes/ycli/local/bin/
PATH: /usr/local/matlab/bin/
PATH: /home/y/bin64
PATH: /home/y/bin
PATH: /usr/local/bin
PATH: /usr/local/cuda/bin
PATH: /usr/lib64/qt-3.3/bin
PATH: /usr/local/bin
PATH: /bin
PATH: /usr/bin
PATH: /usr/local/sbin
PATH: /usr/sbin
PATH: /sbin


## ----------- ##
## Core tests. ##
## ----------- ##

configure:1999: checking for a BSD-compatible install
configure:2067: result: /usr/bin/install -c
configure:2078: checking whether build environment is sane
configure:2143: result: yes
configure:2294: checking for a thread-safe mkdir -p
configure:2333: result: /bin/mkdir -p
configure:2340: checking for gawk
configure:2356: found /bin/gawk
configure:2367: result: gawk
configure:2378: checking whether make sets $(MAKE)
configure:2400: result: yes
configure:2652: checking for g++
configure:2668: found /usr/bin/g++
configure:2679: result: g++
configure:2706: checking for C++ compiler version
configure:2714: g++ --version >&5
g++ (GCC) 4.4.7 20120313 (Red Hat 4.4.7-4)
Copyright (C) 2010 Free Software Foundation, Inc.
This is free software; see the source for copying conditions.  There is NO
warranty; not even for MERCHANTABILITY or FITNESS FOR A PARTICULAR PURPOSE.

configure:2718: $? = 0
configure:2725: g++ -v >&5
Using built-in specs.
Target: x86_64-redhat-linux
Configured with: ../configure --prefix=/usr --mandir=/usr/share/man --infodir=/usr/share/info --with-bugurl=http://bugzilla.redhat.com/bugzilla --enable-bootstrap --enable-shared --enable-threads=posix --enable-checking=release --with-system-zlib --enable-__cxa_atexit --disable-libunwind-exceptions --enable-gnu-unique-object --enable-languages=c,c++,objc,obj-c++,java,fortran,ada --enable-java-awt=gtk --disable-dssi --with-java-home=/usr/lib/jvm/java-1.5.0-gcj-1.5.0.0/jre --enable-libgcj-multifile --enable-java-maintainer-mode --with-ecj-jar=/usr/share/java/eclipse-ecj.jar --disable-libjava-multilib --with-ppl --with-cloog --with-tune=generic --with-arch_32=i686 --build=x86_64-redhat-linux
Thread model: posix
gcc version 4.4.7 20120313 (Red Hat 4.4.7-4) (GCC) 
configure:2729: $? = 0
configure:2736: g++ -V >&5
g++: '-V' option must have argument
configure:2740: $? = 1
configure:2763: checking for C++ compiler default output file name
configure:2785: g++    conftest.cpp  >&5
configure:2789: $? = 0
configure:2827: result: a.out
configure:2846: checking whether the C++ compiler works
configure:2856: ./a.out
configure:2860: $? = 0
configure:2879: result: yes
configure:2886: checking whether we are cross compiling
configure:2888: result: no
configure:2891: checking for suffix of executables
configure:2898: g++ -o conftest    conftest.cpp  >&5
configure:2902: $? = 0
configure:2928: result: 
configure:2934: checking for suffix of object files
configure:2960: g++ -c   conftest.cpp >&5
configure:2964: $? = 0
configure:2989: result: o
configure:2993: checking whether we are using the GNU C++ compiler
configure:3022: g++ -c   conftest.cpp >&5
configure:3029: $? = 0
configure:3046: result: yes
configure:3055: checking whether g++ accepts -g
configure:3085: g++ -c -g  conftest.cpp >&5
configure:3092: $? = 0
configure:3193: result: yes
configure:3227: checking for style of include used by make
configure:3255: result: GNU
configure:3281: checking dependency style of g++
configure:3392: result: gcc3
configure:3455: checking for gcc
configure:3471: found /usr/bin/gcc
configure:3482: result: gcc
configure:3714: checking for C compiler version
configure:3722: gcc --version >&5
gcc (GCC) 4.4.7 20120313 (Red Hat 4.4.7-4)
Copyright (C) 2010 Free Software Foundation, Inc.
This is free software; see the source for copying conditions.  There is NO
warranty; not even for MERCHANTABILITY or FITNESS FOR A PARTICULAR PURPOSE.

configure:3726: $? = 0
configure:3733: gcc -v >&5
Using built-in specs.
Target: x86_64-redhat-linux
Configured with: ../configure --prefix=/usr --mandir=/usr/share/man --infodir=/usr/share/info --with-bugurl=http://bugzilla.redhat.com/bugzilla --enable-bootstrap --enable-shared --enable-threads=posix --enable-checking=release --with-system-zlib --enable-__cxa_atexit --disable-libunwind-exceptions --enable-gnu-unique-object --enable-languages=c,c++,objc,obj-c++,java,fortran,ada --enable-java-awt=gtk --disable-dssi --with-java-home=/usr/lib/jvm/java-1.5.0-gcj-1.5.0.0/jre --enable-libgcj-multifile --enable-java-maintainer-mode --with-ecj-jar=/usr/share/java/eclipse-ecj.jar --disable-libjava-multilib --with-ppl --with-cloog --with-tune=generic --with-arch_32=i686 --build=x86_64-redhat-linux
Thread model: posix
gcc version 4.4.7 20120313 (Red Hat 4.4.7-4) (GCC) 
configure:3737: $? = 0
configure:3744: gcc -V >&5
gcc: '-V' option must have argument
configure:3748: $? = 1
configure:3751: checking whether we are using the GNU C compiler
configure:3780: gcc -c   conftest.c >&5
configure:3787: $? = 0
configure:3804: result: yes
configure:3813: checking whether gcc accepts -g
configure:3843: gcc -c -g  conftest.c >&5
configure:3850: $? = 0
configure:3951: result: yes
configure:3968: checking for gcc option to accept ISO C89
configure:4042: gcc  -c -g -O2  conftest.c >&5
configure:4049: $? = 0
configure:4072: result: none needed
configure:4092: checking dependency style of gcc
configure:4203: result: gcc3
configure:4220: checking for /etc/gentoo-release
configure:4235: result: no
configure:4241: checking for /etc/redhat-release
configure:4256: result: yes
configure:4262: checking for /etc/slackware-version
configure:4277: result: no
configure:4283: checking for /etc/debian_version
configure:4298: result: no
configure:4304: checking for /etc/SuSErelease
configure:4319: result: no
configure:4340: checking build system type
configure:4358: result: x86_64-unknown-linux-gnu
configure:4380: checking host system type
configure:4395: result: x86_64-unknown-linux-gnu
configure:4620: checking for the pthreads library -lpthreads
configure:4668: gcc -o conftest -g -O2    conftest.c -lpthreads  >&5
/usr/bin/ld: cannot find -lpthreads
collect2: ld returned 1 exit status
configure:4675: $? = 1
configure: failed program was:
| /* confdefs.h.  */
| #define PACKAGE_NAME "pHash"
| #define PACKAGE_TARNAME "phash"
| #define PACKAGE_VERSION "0.9.6"
| #define PACKAGE_STRING "pHash 0.9.6"
| #define PACKAGE_BUGREPORT "support@phash.org"
| #define PACKAGE "pHash"
| #define VERSION "0.9.6"
| /* end confdefs.h.  */
| #include <pthread.h>
| 	             static void routine(void* a) {a=0;}
| 	             static void* start_routine(void* a) {return a;}
| int
| main ()
| {
| pthread_t th; pthread_attr_t attr;
|                      pthread_join(th, 0);
|                      pthread_attr_init(&attr);
|                      pthread_cleanup_push(routine, 0);
|                      pthread_create(&th,0,start_routine,0);
|                      pthread_cleanup_pop(0);
|   ;
|   return 0;
| }
configure:4698: result: no
configure:4565: checking whether pthreads work without any flags
configure:4668: gcc -o conftest -g -O2    conftest.c   >&5
/tmp/ccHSdY0I.o: In function `main':
/homes/ycli/ycli-data/pHash-work/conftest.c:17: undefined reference to `pthread_join'
/homes/ycli/ycli-data/pHash-work/conftest.c:19: undefined reference to `__pthread_register_cancel'
/homes/ycli/ycli-data/pHash-work/conftest.c:20: undefined reference to `pthread_create'
/homes/ycli/ycli-data/pHash-work/conftest.c:21: undefined reference to `__pthread_unregister_cancel'
collect2: ld returned 1 exit status
configure:4675: $? = 1
configure: failed program was:
| /* confdefs.h.  */
| #define PACKAGE_NAME "pHash"
| #define PACKAGE_TARNAME "phash"
| #define PACKAGE_VERSION "0.9.6"
| #define PACKAGE_STRING "pHash 0.9.6"
| #define PACKAGE_BUGREPORT "support@phash.org"
| #define PACKAGE "pHash"
| #define VERSION "0.9.6"
| /* end confdefs.h.  */
| #include <pthread.h>
| 	             static void routine(void* a) {a=0;}
| 	             static void* start_routine(void* a) {return a;}
| int
| main ()
| {
| pthread_t th; pthread_attr_t attr;
|                      pthread_join(th, 0);
|                      pthread_attr_init(&attr);
|                      pthread_cleanup_push(routine, 0);
|                      pthread_create(&th,0,start_routine,0);
|                      pthread_cleanup_pop(0);
|   ;
|   return 0;
| }
configure:4698: result: no
configure:4570: checking whether pthreads work with -Kthread
configure:4668: gcc -o conftest -g -O2 -Kthread   conftest.c   >&5
gcc: unrecognized option '-Kthread'
/tmp/ccBSc6JN.o: In function `main':
/homes/ycli/ycli-data/pHash-work/conftest.c:17: undefined reference to `pthread_join'
/homes/ycli/ycli-data/pHash-work/conftest.c:19: undefined reference to `__pthread_register_cancel'
/homes/ycli/ycli-data/pHash-work/conftest.c:20: undefined reference to `pthread_create'
/homes/ycli/ycli-data/pHash-work/conftest.c:21: undefined reference to `__pthread_unregister_cancel'
collect2: ld returned 1 exit status
configure:4675: $? = 1
configure: failed program was:
| /* confdefs.h.  */
| #define PACKAGE_NAME "pHash"
| #define PACKAGE_TARNAME "phash"
| #define PACKAGE_VERSION "0.9.6"
| #define PACKAGE_STRING "pHash 0.9.6"
| #define PACKAGE_BUGREPORT "support@phash.org"
| #define PACKAGE "pHash"
| #define VERSION "0.9.6"
| /* end confdefs.h.  */
| #include <pthread.h>
| 	             static void routine(void* a) {a=0;}
| 	             static void* start_routine(void* a) {return a;}
| int
| main ()
| {
| pthread_t th; pthread_attr_t attr;
|                      pthread_join(th, 0);
|                      pthread_attr_init(&attr);
|                      pthread_cleanup_push(routine, 0);
|                      pthread_create(&th,0,start_routine,0);
|                      pthread_cleanup_pop(0);
|   ;
|   return 0;
| }
configure:4698: result: no
configure:4570: checking whether pthreads work with -kthread
configure:4668: gcc -o conftest -g -O2 -kthread   conftest.c   >&5
gcc: unrecognized option '-kthread'
/tmp/cc4F3YnT.o: In function `main':
/homes/ycli/ycli-data/pHash-work/conftest.c:17: undefined reference to `pthread_join'
/homes/ycli/ycli-data/pHash-work/conftest.c:19: undefined reference to `__pthread_register_cancel'
/homes/ycli/ycli-data/pHash-work/conftest.c:20: undefined reference to `pthread_create'
/homes/ycli/ycli-data/pHash-work/conftest.c:21: undefined reference to `__pthread_unregister_cancel'
collect2: ld returned 1 exit status
configure:4675: $? = 1
configure: failed program was:
| /* confdefs.h.  */
| #define PACKAGE_NAME "pHash"
| #define PACKAGE_TARNAME "phash"
| #define PACKAGE_VERSION "0.9.6"
| #define PACKAGE_STRING "pHash 0.9.6"
| #define PACKAGE_BUGREPORT "support@phash.org"
| #define PACKAGE "pHash"
| #define VERSION "0.9.6"
| /* end confdefs.h.  */
| #include <pthread.h>
| 	             static void routine(void* a) {a=0;}
| 	             static void* start_routine(void* a) {return a;}
| int
| main ()
| {
| pthread_t th; pthread_attr_t attr;
|                      pthread_join(th, 0);
|                      pthread_attr_init(&attr);
|                      pthread_cleanup_push(routine, 0);
|                      pthread_create(&th,0,start_routine,0);
|                      pthread_cleanup_pop(0);
|   ;
|   return 0;
| }
configure:4698: result: no
configure:4620: checking for the pthreads library -llthread
configure:4668: gcc -o conftest -g -O2    conftest.c -llthread  >&5
/usr/bin/ld: cannot find -llthread
collect2: ld returned 1 exit status
configure:4675: $? = 1
configure: failed program was:
| /* confdefs.h.  */
| #define PACKAGE_NAME "pHash"
| #define PACKAGE_TARNAME "phash"
| #define PACKAGE_VERSION "0.9.6"
| #define PACKAGE_STRING "pHash 0.9.6"
| #define PACKAGE_BUGREPORT "support@phash.org"
| #define PACKAGE "pHash"
| #define VERSION "0.9.6"
| /* end confdefs.h.  */
| #include <pthread.h>
| 	             static void routine(void* a) {a=0;}
| 	             static void* start_routine(void* a) {return a;}
| int
| main ()
| {
| pthread_t th; pthread_attr_t attr;
|                      pthread_join(th, 0);
|                      pthread_attr_init(&attr);
|                      pthread_cleanup_push(routine, 0);
|                      pthread_create(&th,0,start_routine,0);
|                      pthread_cleanup_pop(0);
|   ;
|   return 0;
| }
configure:4698: result: no
configure:4570: checking whether pthreads work with -pthread
configure:4668: gcc -o conftest -g -O2 -pthread   conftest.c   >&5
configure:4675: $? = 0
configure:4698: result: yes
configure:4717: checking for joinable pthread attribute
configure:4742: gcc -o conftest -g -O2 -pthread   conftest.c   >&5
configure:4749: $? = 0
configure:4769: result: PTHREAD_CREATE_JOINABLE
configure:4779: checking if more special flags are required for pthreads
configure:4786: result: no
configure:4933: checking how to run the C preprocessor
configure:4973: gcc -E -pthread conftest.c
configure:4980: $? = 0
configure:5011: gcc -E -pthread conftest.c
conftest.c:11:28: error: ac_nonexistent.h: No such file or directory
configure:5018: $? = 1
configure: failed program was:
| /* confdefs.h.  */
| #define PACKAGE_NAME "pHash"
| #define PACKAGE_TARNAME "phash"
| #define PACKAGE_VERSION "0.9.6"
| #define PACKAGE_STRING "pHash 0.9.6"
| #define PACKAGE_BUGREPORT "support@phash.org"
| #define PACKAGE "pHash"
| #define VERSION "0.9.6"
| #define HAVE_PTHREAD 1
| /* end confdefs.h.  */
| #include <ac_nonexistent.h>
configure:5051: result: gcc -E
configure:5080: gcc -E -pthread conftest.c
configure:5087: $? = 0
configure:5118: gcc -E -pthread conftest.c
conftest.c:11:28: error: ac_nonexistent.h: No such file or directory
configure:5125: $? = 1
configure: failed program was:
| /* confdefs.h.  */
| #define PACKAGE_NAME "pHash"
| #define PACKAGE_TARNAME "phash"
| #define PACKAGE_VERSION "0.9.6"
| #define PACKAGE_STRING "pHash 0.9.6"
| #define PACKAGE_BUGREPORT "support@phash.org"
| #define PACKAGE "pHash"
| #define VERSION "0.9.6"
| #define HAVE_PTHREAD 1
| /* end confdefs.h.  */
| #include <ac_nonexistent.h>
configure:5165: checking for grep that handles long lines and -e
configure:5225: result: /bin/grep
configure:5230: checking for egrep
configure:5294: result: /bin/grep -E
configure:5299: checking for ANSI C header files
configure:5329: gcc -c -g -O2 -pthread conftest.c >&5
configure:5336: $? = 0
configure:5435: gcc -o conftest -g -O2 -pthread  conftest.c   >&5
configure:5439: $? = 0
configure:5445: ./conftest
configure:5449: $? = 0
configure:5467: result: yes
configure:5491: checking for sys/types.h
configure:5512: gcc -c -g -O2 -pthread conftest.c >&5
configure:5519: $? = 0
configure:5536: result: yes
configure:5491: checking for sys/stat.h
configure:5512: gcc -c -g -O2 -pthread conftest.c >&5
configure:5519: $? = 0
configure:5536: result: yes
configure:5491: checking for stdlib.h
configure:5512: gcc -c -g -O2 -pthread conftest.c >&5
configure:5519: $? = 0
configure:5536: result: yes
configure:5491: checking for string.h
configure:5512: gcc -c -g -O2 -pthread conftest.c >&5
configure:5519: $? = 0
configure:5536: result: yes
configure:5491: checking for memory.h
configure:5512: gcc -c -g -O2 -pthread conftest.c >&5
configure:5519: $? = 0
configure:5536: result: yes
configure:5491: checking for strings.h
configure:5512: gcc -c -g -O2 -pthread conftest.c >&5
configure:5519: $? = 0
configure:5536: result: yes
configure:5491: checking for inttypes.h
configure:5512: gcc -c -g -O2 -pthread conftest.c >&5
configure:5519: $? = 0
configure:5536: result: yes
configure:5491: checking for stdint.h
configure:5512: gcc -c -g -O2 -pthread conftest.c >&5
configure:5519: $? = 0
configure:5536: result: yes
configure:5491: checking for unistd.h
configure:5512: gcc -c -g -O2 -pthread conftest.c >&5
configure:5519: $? = 0
configure:5536: result: yes
configure:5748: checking for a BSD-compatible install
configure:5816: result: /usr/bin/install -c
configure:5833: checking whether ln -s works
configure:5837: result: yes
configure:5890: checking how to print strings
configure:5917: result: printf
configure:5938: checking for a sed that does not truncate output
configure:6004: result: /bin/sed
configure:6022: checking for fgrep
configure:6086: result: /bin/grep -F
configure:6121: checking for ld used by gcc
configure:6188: result: /usr/bin/ld
configure:6197: checking if the linker (/usr/bin/ld) is GNU ld
configure:6212: result: yes
configure:6224: checking for BSD- or MS-compatible name lister (nm)
configure:6273: result: /usr/bin/nm -B
configure:6403: checking the name lister (/usr/bin/nm -B) interface
configure:6410: g++ -c  -O2 -ffast-math -O3 -pthread conftest.cpp >&5
configure:6413: /usr/bin/nm -B "conftest.o"
configure:6416: output
0000000000000000 B some_variable
configure:6423: result: BSD nm
configure:6427: checking the maximum length of command line arguments
configure:6557: result: 1966080
configure:6574: checking whether the shell understands some XSI constructs
configure:6584: result: yes
configure:6588: checking whether the shell understands "+="
configure:6594: result: yes
configure:6629: checking how to convert x86_64-unknown-linux-gnu file names to x86_64-unknown-linux-gnu format
configure:6669: result: func_convert_file_noop
configure:6676: checking how to convert x86_64-unknown-linux-gnu file names to toolchain format
configure:6696: result: func_convert_file_noop
configure:6703: checking for /usr/bin/ld option to reload object files
configure:6710: result: -r
configure:6784: checking for objdump
configure:6800: found /usr/bin/objdump
configure:6811: result: objdump
configure:6843: checking how to recognize dependent libraries
configure:7045: result: pass_all
configure:7130: checking for dlltool
configure:7160: result: no
configure:7190: checking how to associate runtime and link libraries
configure:7217: result: printf %s\n
configure:7278: checking for ar
configure:7294: found /usr/bin/ar
configure:7305: result: ar
configure:7342: checking for archiver @FILE support
configure:7369: g++ -c  -O2 -ffast-math -O3 -pthread conftest.cpp >&5
configure:7376: $? = 0
configure:7383: ar cru libconftest.a @conftest.lst >&5
configure:7386: $? = 0
configure:7391: ar cru libconftest.a @conftest.lst >&5
ar: conftest.o: No such file or directory
configure:7394: $? = 1
configure:7412: result: @
configure:7470: checking for strip
configure:7486: found /usr/bin/strip
configure:7497: result: strip
configure:7569: checking for ranlib
configure:7585: found /usr/bin/ranlib
configure:7596: result: ranlib
configure:7698: checking command to parse /usr/bin/nm -B output from gcc object
configure:7818: g++ -c  -O2 -ffast-math -O3 -pthread conftest.cpp >&5
configure:7821: $? = 0
configure:7825: /usr/bin/nm -B conftest.o \| sed -n -e 's/^.*[ ]\([ABCDGIRSTW][ABCDGIRSTW]*\)[ ][ ]*\([_A-Za-z][_A-Za-z0-9]*\)$/\1 \2 \2/p' | sed '/ __gnu_lto/d' \> conftest.nm
configure:7828: $? = 0
configure:7894: g++ -o conftest  -O2 -ffast-math -O3 -pthread  conftest.cpp conftstm.o >&5
configure:7897: $? = 0
configure:7935: result: ok
configure:7972: checking for sysroot
configure:8004: result: no
configure:8081: g++ -c  -O2 -ffast-math -O3 -pthread conftest.cpp >&5
configure:8084: $? = 0
configure:8289: checking for mt
configure:8319: result: no
configure:8339: checking if : is a manifest tool
configure:8345: : '-?'
configure:8353: result: no
configure:9023: checking for dlfcn.h
configure:9044: g++ -c  -O2 -ffast-math -O3 -pthread conftest.cpp >&5
configure:9051: $? = 0
configure:9068: result: yes
configure:9286: checking for objdir
configure:9301: result: .libs
configure:9568: checking if gcc supports -fno-rtti -fno-exceptions
configure:9586: gcc -c -g -O2 -pthread -fno-rtti -fno-exceptions conftest.c >&5
cc1: warning: command line option "-fno-rtti" is valid for C++/ObjC++ but not for C
configure:9590: $? = 0
configure:9603: result: no
configure:9930: checking for gcc option to produce PIC
configure:9937: result: -fPIC -DPIC
configure:9945: checking if gcc PIC flag -fPIC -DPIC works
configure:9963: gcc -c -g -O2 -pthread -fPIC -DPIC -DPIC conftest.c >&5
configure:9967: $? = 0
configure:9980: result: yes
configure:10009: checking if gcc static flag -static works
configure:10037: result: no
configure:10052: checking if gcc supports -c -o file.o
configure:10073: gcc -c -g -O2 -pthread -o out/conftest2.o conftest.c >&5
configure:10077: $? = 0
configure:10099: result: yes
configure:10107: checking if gcc supports -c -o file.o
configure:10154: result: yes
configure:10187: checking whether the gcc linker (/usr/bin/ld -m elf_x86_64) supports shared libraries
configure:11431: result: yes
configure:11468: checking whether -lc should be explicitly linked in
configure:11476: gcc -c -g -O2 -pthread conftest.c >&5
configure:11479: $? = 0
configure:11494: gcc -shared  -fPIC -DPIC conftest.o  -v -Wl,-soname -Wl,conftest -o conftest 2\>\&1 \| /bin/grep  -lc  \>/dev/null 2\>\&1
configure:11497: $? = 0
configure:11511: result: no
configure:11671: checking dynamic linker characteristics
configure:12192: gcc -o conftest -g -O2 -pthread  -Wl,-rpath -Wl,/foo conftest.c   >&5
configure:12199: $? = 0
configure:12440: result: GNU/Linux ld.so
configure:12547: checking how to hardcode library paths into programs
configure:12572: result: immediate
configure:13425: checking whether stripping libraries is possible
configure:13430: result: yes
configure:13465: checking if libtool supports shared libraries
configure:13467: result: yes
configure:13470: checking whether to build shared libraries
configure:13491: result: yes
configure:13494: checking whether to build static libraries
configure:13498: result: yes
configure:13521: checking how to run the C++ preprocessor
configure:13557: g++ -E -pthread conftest.cpp
configure:13564: $? = 0
configure:13595: g++ -E -pthread conftest.cpp
conftest.cpp:23:28: error: ac_nonexistent.h: No such file or directory
configure:13602: $? = 1
configure: failed program was:
| /* confdefs.h.  */
| #define PACKAGE_NAME "pHash"
| #define PACKAGE_TARNAME "phash"
| #define PACKAGE_VERSION "0.9.6"
| #define PACKAGE_STRING "pHash 0.9.6"
| #define PACKAGE_BUGREPORT "support@phash.org"
| #define PACKAGE "pHash"
| #define VERSION "0.9.6"
| #define HAVE_PTHREAD 1
| #define STDC_HEADERS 1
| #define HAVE_SYS_TYPES_H 1
| #define HAVE_SYS_STAT_H 1
| #define HAVE_STDLIB_H 1
| #define HAVE_STRING_H 1
| #define HAVE_MEMORY_H 1
| #define HAVE_STRINGS_H 1
| #define HAVE_INTTYPES_H 1
| #define HAVE_STDINT_H 1
| #define HAVE_UNISTD_H 1
| #define HAVE_DLFCN_H 1
| #define LT_OBJDIR ".libs/"
| /* end confdefs.h.  */
| #include <ac_nonexistent.h>
configure:13635: result: g++ -E
configure:13664: g++ -E -pthread conftest.cpp
configure:13671: $? = 0
configure:13702: g++ -E -pthread conftest.cpp
conftest.cpp:23:28: error: ac_nonexistent.h: No such file or directory
configure:13709: $? = 1
configure: failed program was:
| /* confdefs.h.  */
| #define PACKAGE_NAME "pHash"
| #define PACKAGE_TARNAME "phash"
| #define PACKAGE_VERSION "0.9.6"
| #define PACKAGE_STRING "pHash 0.9.6"
| #define PACKAGE_BUGREPORT "support@phash.org"
| #define PACKAGE "pHash"
| #define VERSION "0.9.6"
| #define HAVE_PTHREAD 1
| #define STDC_HEADERS 1
| #define HAVE_SYS_TYPES_H 1
| #define HAVE_SYS_STAT_H 1
| #define HAVE_STDLIB_H 1
| #define HAVE_STRING_H 1
| #define HAVE_MEMORY_H 1
| #define HAVE_STRINGS_H 1
| #define HAVE_INTTYPES_H 1
| #define HAVE_STDINT_H 1
| #define HAVE_UNISTD_H 1
| #define HAVE_DLFCN_H 1
| #define LT_OBJDIR ".libs/"
| /* end confdefs.h.  */
| #include <ac_nonexistent.h>
configure:13889: checking for ld used by g++
configure:13956: result: /usr/bin/ld -m elf_x86_64
configure:13965: checking if the linker (/usr/bin/ld -m elf_x86_64) is GNU ld
configure:13980: result: yes
configure:14035: checking whether the g++ linker (/usr/bin/ld -m elf_x86_64) supports shared libraries
configure:15102: result: yes
configure:15138: g++ -c  -O2 -ffast-math -O3 -pthread conftest.cpp >&5
configure:15141: $? = 0
configure:15661: checking for g++ option to produce PIC
configure:15668: result: -fPIC -DPIC
configure:15676: checking if g++ PIC flag -fPIC -DPIC works
configure:15694: g++ -c  -O2 -ffast-math -O3 -pthread -fPIC -DPIC -DPIC conftest.cpp >&5
configure:15698: $? = 0
configure:15711: result: yes
configure:15734: checking if g++ static flag -static works
configure:15762: result: no
configure:15774: checking if g++ supports -c -o file.o
configure:15795: g++ -c  -O2 -ffast-math -O3 -pthread -o out/conftest2.o conftest.cpp >&5
configure:15799: $? = 0
configure:15821: result: yes
configure:15826: checking if g++ supports -c -o file.o
configure:15873: result: yes
configure:15903: checking whether the g++ linker (/usr/bin/ld -m elf_x86_64) supports shared libraries
configure:15939: result: yes
configure:16080: checking dynamic linker characteristics
configure:16783: result: GNU/Linux ld.so
configure:16836: checking how to hardcode library paths into programs
configure:16861: result: immediate
configure:16965: checking CImg.h usability
configure:16982: g++ -c  -O2 -ffast-math -O3 -pthread -I/usr/local/include conftest.cpp >&5
conftest.cpp:56:18: error: CImg.h: No such file or directory
configure:16989: $? = 1
configure: failed program was:
| /* confdefs.h.  */
| #define PACKAGE_NAME "pHash"
| #define PACKAGE_TARNAME "phash"
| #define PACKAGE_VERSION "0.9.6"
| #define PACKAGE_STRING "pHash 0.9.6"
| #define PACKAGE_BUGREPORT "support@phash.org"
| #define PACKAGE "pHash"
| #define VERSION "0.9.6"
| #define HAVE_PTHREAD 1
| #define STDC_HEADERS 1
| #define HAVE_SYS_TYPES_H 1
| #define HAVE_SYS_STAT_H 1
| #define HAVE_STDLIB_H 1
| #define HAVE_STRING_H 1
| #define HAVE_MEMORY_H 1
| #define HAVE_STRINGS_H 1
| #define HAVE_INTTYPES_H 1
| #define HAVE_STDINT_H 1
| #define HAVE_UNISTD_H 1
| #define HAVE_DLFCN_H 1
| #define LT_OBJDIR ".libs/"
| /* end confdefs.h.  */
| #include <stdio.h>
| #ifdef HAVE_SYS_TYPES_H
| # include <sys/types.h>
| #endif
| #ifdef HAVE_SYS_STAT_H
| # include <sys/stat.h>
| #endif
| #ifdef STDC_HEADERS
| # include <stdlib.h>
| # include <stddef.h>
| #else
| # ifdef HAVE_STDLIB_H
| #  include <stdlib.h>
| # endif
| #endif
| #ifdef HAVE_STRING_H
| # if !defined STDC_HEADERS && defined HAVE_MEMORY_H
| #  include <memory.h>
| # endif
| # include <string.h>
| #endif
| #ifdef HAVE_STRINGS_H
| # include <strings.h>
| #endif
| #ifdef HAVE_INTTYPES_H
| # include <inttypes.h>
| #endif
| #ifdef HAVE_STDINT_H
| # include <stdint.h>
| #endif
| #ifdef HAVE_UNISTD_H
| # include <unistd.h>
| #endif
| #include <CImg.h>
configure:17003: result: no
configure:17007: checking CImg.h presence
configure:17022: g++ -E -pthread -I/usr/local/include conftest.cpp
conftest.cpp:23:18: error: CImg.h: No such file or directory
configure:17029: $? = 1
configure: failed program was:
| /* confdefs.h.  */
| #define PACKAGE_NAME "pHash"
| #define PACKAGE_TARNAME "phash"
| #define PACKAGE_VERSION "0.9.6"
| #define PACKAGE_STRING "pHash 0.9.6"
| #define PACKAGE_BUGREPORT "support@phash.org"
| #define PACKAGE "pHash"
| #define VERSION "0.9.6"
| #define HAVE_PTHREAD 1
| #define STDC_HEADERS 1
| #define HAVE_SYS_TYPES_H 1
| #define HAVE_SYS_STAT_H 1
| #define HAVE_STDLIB_H 1
| #define HAVE_STRING_H 1
| #define HAVE_MEMORY_H 1
| #define HAVE_STRINGS_H 1
| #define HAVE_INTTYPES_H 1
| #define HAVE_STDINT_H 1
| #define HAVE_UNISTD_H 1
| #define HAVE_DLFCN_H 1
| #define LT_OBJDIR ".libs/"
| /* end confdefs.h.  */
| #include <CImg.h>
configure:17043: result: no
configure:17076: checking for CImg.h
configure:17083: result: no
configure:17096: checking whether CImg.h is in the current or src directory.
configure:17100: result: yes
configure:17994: checking for png_create_read_struct in -lpng
configure:18029: g++ -o conftest  -O2 -ffast-math -O3 -pthread -I/usr/local/include  -L/usr/local/lib conftest.cpp -lpng    >&5
configure:18036: $? = 0
configure:18057: result: yes
configure:18076: checking for jpeg_read_header in -ljpeg
configure:18111: g++ -o conftest  -O2 -ffast-math -O3 -pthread -I/usr/local/include -Dcimg_use_png  -L/usr/local/lib conftest.cpp -ljpeg    -lpng >&5
configure:18118: $? = 0
configure:18139: result: yes
configure:18161: checking for fftw_plan_dft_r2c_1d in -lfftw3
configure:18196: g++ -o conftest  -O2 -ffast-math -O3 -pthread -I/usr/local/include -Dcimg_use_png -Dcimg_use_jpeg  -L/usr/local/lib conftest.cpp -lfftw3    -lpng -ljpeg >&5
configure:18203: $? = 0
configure:18224: result: yes
configure:18245: checking for size_t
configure:18273: g++ -c  -O2 -ffast-math -O3 -pthread -I/usr/local/include -Dcimg_use_png -Dcimg_use_jpeg -Dcimg_use_fftw3 conftest.cpp >&5
configure:18280: $? = 0
configure:18307: g++ -c  -O2 -ffast-math -O3 -pthread -I/usr/local/include -Dcimg_use_png -Dcimg_use_jpeg -Dcimg_use_fftw3 conftest.cpp >&5
conftest.cpp: In function 'int main()':
conftest.cpp:60: error: expected primary-expression before ')' token
configure:18314: $? = 1
configure: failed program was:
| /* confdefs.h.  */
| #define PACKAGE_NAME "pHash"
| #define PACKAGE_TARNAME "phash"
| #define PACKAGE_VERSION "0.9.6"
| #define PACKAGE_STRING "pHash 0.9.6"
| #define PACKAGE_BUGREPORT "support@phash.org"
| #define PACKAGE "pHash"
| #define VERSION "0.9.6"
| #define HAVE_PTHREAD 1
| #define STDC_HEADERS 1
| #define HAVE_SYS_TYPES_H 1
| #define HAVE_SYS_STAT_H 1
| #define HAVE_STDLIB_H 1
| #define HAVE_STRING_H 1
| #define HAVE_MEMORY_H 1
| #define HAVE_STRINGS_H 1
| #define HAVE_INTTYPES_H 1
| #define HAVE_STDINT_H 1
| #define HAVE_UNISTD_H 1
| #define HAVE_DLFCN_H 1
| #define LT_OBJDIR ".libs/"
| #define HAVE_IMAGE_HASH 1
| /* end confdefs.h.  */
| #include <stdio.h>
| #ifdef HAVE_SYS_TYPES_H
| # include <sys/types.h>
| #endif
| #ifdef HAVE_SYS_STAT_H
| # include <sys/stat.h>
| #endif
| #ifdef STDC_HEADERS
| # include <stdlib.h>
| # include <stddef.h>
| #else
| # ifdef HAVE_STDLIB_H
| #  include <stdlib.h>
| # endif
| #endif
| #ifdef HAVE_STRING_H
| # if !defined STDC_HEADERS && defined HAVE_MEMORY_H
| #  include <memory.h>
| # endif
| # include <string.h>
| #endif
| #ifdef HAVE_STRINGS_H
| # include <strings.h>
| #endif
| #ifdef HAVE_INTTYPES_H
| # include <inttypes.h>
| #endif
| #ifdef HAVE_STDINT_H
| # include <stdint.h>
| #endif
| #ifdef HAVE_UNISTD_H
| # include <unistd.h>
| #endif
| int
| main ()
| {
| if (sizeof ((size_t)))
| 	  return 0;
|   ;
|   return 0;
| }
configure:18337: result: yes
configure:18350: checking for uint32_t
configure:18381: g++ -c  -O2 -ffast-math -O3 -pthread -I/usr/local/include -Dcimg_use_png -Dcimg_use_jpeg -Dcimg_use_fftw3 conftest.cpp >&5
configure:18388: $? = 0
configure:18409: result: yes
configure:18427: checking for uint8_t
configure:18458: g++ -c  -O2 -ffast-math -O3 -pthread -I/usr/local/include -Dcimg_use_png -Dcimg_use_jpeg -Dcimg_use_fftw3 conftest.cpp >&5
configure:18465: $? = 0
configure:18486: result: yes
configure:18503: checking for uint64_t
configure:18531: g++ -c  -O2 -ffast-math -O3 -pthread -I/usr/local/include -Dcimg_use_png -Dcimg_use_jpeg -Dcimg_use_fftw3 conftest.cpp >&5
configure:18538: $? = 0
configure:18565: g++ -c  -O2 -ffast-math -O3 -pthread -I/usr/local/include -Dcimg_use_png -Dcimg_use_jpeg -Dcimg_use_fftw3 conftest.cpp >&5
conftest.cpp: In function 'int main()':
conftest.cpp:60: error: expected primary-expression before ')' token
configure:18572: $? = 1
configure: failed program was:
| /* confdefs.h.  */
| #define PACKAGE_NAME "pHash"
| #define PACKAGE_TARNAME "phash"
| #define PACKAGE_VERSION "0.9.6"
| #define PACKAGE_STRING "pHash 0.9.6"
| #define PACKAGE_BUGREPORT "support@phash.org"
| #define PACKAGE "pHash"
| #define VERSION "0.9.6"
| #define HAVE_PTHREAD 1
| #define STDC_HEADERS 1
| #define HAVE_SYS_TYPES_H 1
| #define HAVE_SYS_STAT_H 1
| #define HAVE_STDLIB_H 1
| #define HAVE_STRING_H 1
| #define HAVE_MEMORY_H 1
| #define HAVE_STRINGS_H 1
| #define HAVE_INTTYPES_H 1
| #define HAVE_STDINT_H 1
| #define HAVE_UNISTD_H 1
| #define HAVE_DLFCN_H 1
| #define LT_OBJDIR ".libs/"
| #define HAVE_IMAGE_HASH 1
| /* end confdefs.h.  */
| #include <stdio.h>
| #ifdef HAVE_SYS_TYPES_H
| # include <sys/types.h>
| #endif
| #ifdef HAVE_SYS_STAT_H
| # include <sys/stat.h>
| #endif
| #ifdef STDC_HEADERS
| # include <stdlib.h>
| # include <stddef.h>
| #else
| # ifdef HAVE_STDLIB_H
| #  include <stdlib.h>
| # endif
| #endif
| #ifdef HAVE_STRING_H
| # if !defined STDC_HEADERS && defined HAVE_MEMORY_H
| #  include <memory.h>
| # endif
| # include <string.h>
| #endif
| #ifdef HAVE_STRINGS_H
| # include <strings.h>
| #endif
| #ifdef HAVE_INTTYPES_H
| # include <inttypes.h>
| #endif
| #ifdef HAVE_STDINT_H
| # include <stdint.h>
| #endif
| #ifdef HAVE_UNISTD_H
| # include <unistd.h>
| #endif
| int
| main ()
| {
| if (sizeof ((uint64_t)))
| 	  return 0;
|   ;
|   return 0;
| }
configure:18595: result: yes
configure:18711: checking that generated files are newer than configure
configure:18717: result: done
configure:18788: creating ./config.status

## ---------------- ##
## Cache variables. ##
## ---------------- ##

ac_cv_build=x86_64-unknown-linux-gnu
ac_cv_c_compiler_gnu=yes
ac_cv_c_uint32_t=yes
ac_cv_c_uint8_t=yes
ac_cv_cxx_compiler_gnu=yes
ac_cv_env_CCC_set=
ac_cv_env_CCC_value=
ac_cv_env_CC_set=
ac_cv_env_CC_value=
ac_cv_env_CFLAGS_set=
ac_cv_env_CFLAGS_value=
ac_cv_env_CPPFLAGS_set=
ac_cv_env_CPPFLAGS_value=
ac_cv_env_CPP_set=
ac_cv_env_CPP_value=
ac_cv_env_CXXCPP_set=
ac_cv_env_CXXCPP_value=
ac_cv_env_CXXFLAGS_set=
ac_cv_env_CXXFLAGS_value=
ac_cv_env_CXX_set=
ac_cv_env_CXX_value=
ac_cv_env_LDFLAGS_set=
ac_cv_env_LDFLAGS_value=
ac_cv_env_LIBS_set=
ac_cv_env_LIBS_value=
ac_cv_env_build_alias_set=
ac_cv_env_build_alias_value=
ac_cv_env_host_alias_set=
ac_cv_env_host_alias_value=
ac_cv_env_target_alias_set=
ac_cv_env_target_alias_value=
ac_cv_file__etc_SuSErelease=no
ac_cv_file__etc_debian_version=no
ac_cv_file__etc_gentoo_release=no
ac_cv_file__etc_redhat_release=yes
ac_cv_file__etc_slackware_version=no
ac_cv_header_CImg_h=no
ac_cv_header_dlfcn_h=yes
ac_cv_header_inttypes_h=yes
ac_cv_header_memory_h=yes
ac_cv_header_stdc=yes
ac_cv_header_stdint_h=yes
ac_cv_header_stdlib_h=yes
ac_cv_header_string_h=yes
ac_cv_header_strings_h=yes
ac_cv_header_sys_stat_h=yes
ac_cv_header_sys_types_h=yes
ac_cv_header_unistd_h=yes
ac_cv_host=x86_64-unknown-linux-gnu
ac_cv_lib_fftw3_fftw_plan_dft_r2c_1d=yes
ac_cv_lib_jpeg_jpeg_read_header=yes
ac_cv_lib_png_png_create_read_struct=yes
ac_cv_objext=o
ac_cv_path_EGREP='/bin/grep -E'
ac_cv_path_FGREP='/bin/grep -F'
ac_cv_path_GREP=/bin/grep
ac_cv_path_SED=/bin/sed
ac_cv_path_install='/usr/bin/install -c'
ac_cv_path_mkdir=/bin/mkdir
ac_cv_prog_AWK=gawk
ac_cv_prog_CPP='gcc -E'
ac_cv_prog_CXXCPP='g++ -E'
ac_cv_prog_ac_ct_AR=ar
ac_cv_prog_ac_ct_CC=gcc
ac_cv_prog_ac_ct_CXX=g++
ac_cv_prog_ac_ct_OBJDUMP=objdump
ac_cv_prog_ac_ct_RANLIB=ranlib
ac_cv_prog_ac_ct_STRIP=strip
ac_cv_prog_cc_c89=
ac_cv_prog_cc_g=yes
ac_cv_prog_cxx_g=yes
ac_cv_prog_make_make_set=yes
ac_cv_type_size_t=yes
ac_cv_type_uint64_t=yes
am_cv_CC_dependencies_compiler_type=gcc3
am_cv_CXX_dependencies_compiler_type=gcc3
lt_cv_ar_at_file=@
lt_cv_archive_cmds_need_lc=no
lt_cv_deplibs_check_method=pass_all
lt_cv_file_magic_cmd='$MAGIC_CMD'
lt_cv_file_magic_test_file=
lt_cv_ld_reload_flag=-r
lt_cv_nm_interface='BSD nm'
lt_cv_objdir=.libs
lt_cv_path_LD=/usr/bin/ld
lt_cv_path_LDCXX='/usr/bin/ld -m elf_x86_64'
lt_cv_path_NM='/usr/bin/nm -B'
lt_cv_path_mainfest_tool=no
lt_cv_prog_compiler_c_o=yes
lt_cv_prog_compiler_c_o_CXX=yes
lt_cv_prog_compiler_pic='-fPIC -DPIC'
lt_cv_prog_compiler_pic_CXX='-fPIC -DPIC'
lt_cv_prog_compiler_pic_works=yes
lt_cv_prog_compiler_pic_works_CXX=yes
lt_cv_prog_compiler_rtti_exceptions=no
lt_cv_prog_compiler_static_works=no
lt_cv_prog_compiler_static_works_CXX=no
lt_cv_prog_gnu_ld=yes
lt_cv_prog_gnu_ldcxx=yes
lt_cv_sharedlib_from_linklib_cmd='printf %s\n'
lt_cv_shlibpath_overrides_runpath=no
lt_cv_sys_global_symbol_pipe='sed -n -e '\''s/^.*[	 ]\([ABCDGIRSTW][ABCDGIRSTW]*\)[	 ][	 ]*\([_A-Za-z][_A-Za-z0-9]*\)$/\1 \2 \2/p'\'' | sed '\''/ __gnu_lto/d'\'''
lt_cv_sys_global_symbol_to_c_name_address='sed -n -e '\''s/^: \([^ ]*\)[ ]*$/  {\"\1\", (void *) 0},/p'\'' -e '\''s/^[ABCDGIRSTW]* \([^ ]*\) \([^ ]*\)$/  {"\2", (void *) \&\2},/p'\'''
lt_cv_sys_global_symbol_to_c_name_address_lib_prefix='sed -n -e '\''s/^: \([^ ]*\)[ ]*$/  {\"\1\", (void *) 0},/p'\'' -e '\''s/^[ABCDGIRSTW]* \([^ ]*\) \(lib[^ ]*\)$/  {"\2", (void *) \&\2},/p'\'' -e '\''s/^[ABCDGIRSTW]* \([^ ]*\) \([^ ]*\)$/  {"lib\2", (void *) \&\2},/p'\'''
lt_cv_sys_global_symbol_to_cdecl='sed -n -e '\''s/^T .* \(.*\)$/extern int \1();/p'\'' -e '\''s/^[ABCDGIRSTW]* .* \(.*\)$/extern char \1;/p'\'''
lt_cv_sys_max_cmd_len=1966080
lt_cv_to_host_file_cmd=func_convert_file_noop
lt_cv_to_tool_file_cmd=func_convert_file_noop

## ----------------- ##
## Output variables. ##
## ----------------- ##

ACLOCAL='${SHELL} /homes/ycli/ycli-data/pHash-work/missing --run aclocal-1.12'
AMDEPBACKSLASH='\'
AMDEP_FALSE='#'
AMDEP_TRUE=''
AMTAR='$${TAR-tar}'
AR='ar'
AUTOCONF='${SHELL} /homes/ycli/ycli-data/pHash-work/missing --run autoconf'
AUTOHEADER='${SHELL} /homes/ycli/ycli-data/pHash-work/missing --run autoheader'
AUTOMAKE='${SHELL} /homes/ycli/ycli-data/pHash-work/missing --run automake-1.12'
AWK='gawk'
CC='gcc'
CCDEPMODE='depmode=gcc3'
CFLAGS=' -O2 -ffast-math -O3'
CPP='gcc -E'
CPPFLAGS='-pthread -I/usr/local/include -Dcimg_use_png -Dcimg_use_jpeg -Dcimg_use_fftw3'
CXX='g++'
CXXCPP='g++ -E'
CXXDEPMODE='depmode=gcc3'
CXXFLAGS=' -O2 -ffast-math -O3'
CYGPATH_W='echo'
DEFS='-DHAVE_CONFIG_H'
DEPDIR='.deps'
DLLTOOL='false'
DSYMUTIL=''
DUMPBIN=''
ECHO_C=''
ECHO_N='-n'
ECHO_T=''
EGREP='/bin/grep -E'
EXEEXT=''
FGREP='/bin/grep -F'
GREP='/bin/grep'
HAVE_AUDIO_HASH_FALSE=''
HAVE_AUDIO_HASH_TRUE='#'
HAVE_IMAGE_HASH_FALSE='#'
HAVE_IMAGE_HASH_TRUE=''
HAVE_PTHREAD_FALSE='#'
HAVE_PTHREAD_TRUE=''
HAVE_VIDEO_HASH_FALSE=''
HAVE_VIDEO_HASH_TRUE='#'
INSTALL_DATA='${INSTALL} -m 644'
INSTALL_PROGRAM='${INSTALL}'
INSTALL_SCRIPT='${INSTALL}'
INSTALL_STRIP_PROGRAM='$(install_sh) -c -s'
LD='/usr/bin/ld -m elf_x86_64'
LDFLAGS=' -L/usr/local/lib'
LIBOBJS=''
LIBS='  -lpng -ljpeg -lfftw3'
LIBTOOL='$(SHELL) $(top_builddir)/libtool'
LIBTOOLS_DEPS=''
LIPO=''
LN_S='ln -s'
LTLIBOBJS=''
MAKEINFO='${SHELL} /homes/ycli/ycli-data/pHash-work/missing --run makeinfo'
MANIFEST_TOOL=':'
MKDIR_P='/bin/mkdir -p'
NM='/usr/bin/nm -B'
NMEDIT=''
OBJDUMP='objdump'
OBJEXT='o'
OTOOL64=''
OTOOL=''
PACKAGE='pHash'
PACKAGE_BUGREPORT='support@phash.org'
PACKAGE_NAME='pHash'
PACKAGE_STRING='pHash 0.9.6'
PACKAGE_TARNAME='phash'
PACKAGE_VERSION='0.9.6'
PATH_SEPARATOR=':'
PTHREAD_CC='gcc'
PTHREAD_CFLAGS='-pthread'
PTHREAD_LIBS=''
RANLIB='ranlib'
SED='/bin/sed'
SET_MAKE=''
SHELL='/bin/sh'
STRIP='strip'
VERSION='0.9.6'
WITH_JAVA_FALSE=''
WITH_JAVA_TRUE='#'
ac_ct_AR='ar'
ac_ct_CC='gcc'
ac_ct_CXX='g++'
ac_ct_DUMPBIN=''
am__EXEEXT_FALSE=''
am__EXEEXT_TRUE='#'
am__fastdepCC_FALSE='#'
am__fastdepCC_TRUE=''
am__fastdepCXX_FALSE='#'
am__fastdepCXX_TRUE=''
am__include='include'
am__isrc=''
am__leading_dot='.'
am__nodep='_no'
am__quote=''
am__tar='$${TAR-tar} chof - "$$tardir"'
am__untar='$${TAR-tar} xf -'
ax_pthread_config=''
bindir='${exec_prefix}/bin'
build='x86_64-unknown-linux-gnu'
build_alias=''
build_cpu='x86_64'
build_os='linux-gnu'
build_vendor='unknown'
datadir='${datarootdir}'
datarootdir='${prefix}/share'
docdir='${datarootdir}/doc/${PACKAGE_TARNAME}'
dvidir='${docdir}'
exec_prefix='${prefix}'
host='x86_64-unknown-linux-gnu'
host_alias=''
host_cpu='x86_64'
host_os='linux-gnu'
host_vendor='unknown'
htmldir='${docdir}'
includedir='${prefix}/include'
infodir='${datarootdir}/info'
install_sh='${SHELL} /homes/ycli/ycli-data/pHash-work/install-sh'
libdir='${exec_prefix}/lib'
libexecdir='${exec_prefix}/libexec'
localedir='${datarootdir}/locale'
localstatedir='${prefix}/var'
mandir='${datarootdir}/man'
mkdir_p='$(MKDIR_P)'
oldincludedir='/usr/include'
pdfdir='${docdir}'
prefix='/usr/local'
program_transform_name='s,x,x,'
psdir='${docdir}'
sbindir='${exec_prefix}/sbin'
sharedstatedir='${prefix}/com'
sysconfdir='${prefix}/etc'
target_alias=''

## ----------- ##
## confdefs.h. ##
## ----------- ##

#define PACKAGE_NAME "pHash"
#define PACKAGE_TARNAME "phash"
#define PACKAGE_VERSION "0.9.6"
#define PACKAGE_STRING "pHash 0.9.6"
#define PACKAGE_BUGREPORT "support@phash.org"
#define PACKAGE "pHash"
#define VERSION "0.9.6"
#define HAVE_PTHREAD 1
#define STDC_HEADERS 1
#define HAVE_SYS_TYPES_H 1
#define HAVE_SYS_STAT_H 1
#define HAVE_STDLIB_H 1
#define HAVE_STRING_H 1
#define HAVE_MEMORY_H 1
#define HAVE_STRINGS_H 1
#define HAVE_INTTYPES_H 1
#define HAVE_STDINT_H 1
#define HAVE_UNISTD_H 1
#define HAVE_DLFCN_H 1
#define LT_OBJDIR ".libs/"
#define HAVE_IMAGE_HASH 1

configure: exit 0

## ---------------------- ##
## Running config.status. ##
## ---------------------- ##

This file was extended by pHash config.status 0.9.6, which was
generated by GNU Autoconf 2.63.  Invocation command line was

  CONFIG_FILES    = 
  CONFIG_HEADERS  = 
  CONFIG_LINKS    = 
  CONFIG_COMMANDS = 
  $ ./config.status 

on gpu7.corp.gq1.yahoo.com

config.status:1086: creating Makefile
config.status:1086: creating src/Makefile
config.status:1086: creating examples/Makefile
config.status:1086: creating pHash.pc
config.status:1086: creating bindings/Makefile
config.status:1086: creating bindings/java/Makefile
config.status:1086: creating config.h
config.status:1086: creating pHash-config.h
config.status:1308: pHash-config.h is unchanged
config.status:1360: executing depfiles commands
config.status:1360: executing libtool commands

## ---------------------- ##
## Running config.status. ##
## ---------------------- ##

This file was extended by pHash config.status 0.9.6, which was
generated by GNU Autoconf 2.63.  Invocation command line was

  CONFIG_FILES    = 
  CONFIG_HEADERS  = 
  CONFIG_LINKS    = 
  CONFIG_COMMANDS = 
  $ ./config.status config.h

on gpu7.corp.gq1.yahoo.com

config.status:1086: creating config.h
